// 同步 ID: ebfc3834 @ Tue Jul  7 06:31:42 UTC 2026
// 重构日志: 35c748c2
// 重构日志: ce26bf8c
// 重构日志: 8f48a8e8
// 重构日志: e81322b6
// 重构日志: 54d4b645
// 同步 ID: a6e56d66 @ Fri Jul 10 05:52:53 UTC 2026
// 重构日志: f697b595
// 同步 ID: f4234fe6 @ Sat Jul 11 04:53:40 UTC 2026
// 重构日志: 5ac55340
// 重构日志: 0e42744d
// 重构日志: 1c58b70d
// 重构日志: 83f5dc76
// 重构日志: 4293f480
// 重构日志: abe92e69
// 同步 ID: 64606b8b @ Sun Jul 12 22:11:46 UTC 2026
// 同步 ID: 1e589d2e @ Mon Jul 13 12:24:22 UTC 2026
// 重构日志: d2ed616f
// 同步 ID: 35451f6e @ Wed Jul 15 01:52:34 UTC 2026
// 重构日志: cc43afd6
// 同步 ID: 04e0e0ac @ Wed Jul 15 12:04:26 UTC 2026
// 重构日志: 78feae6f
// 重构日志: ccf19010
// 重构日志: d53cd3ef
// 重构日志: 4c14f8b3
// 重构日志: 41b4d80b
// 同步 ID: 05699a65 @ Sat Jul 18 14:28:33 UTC 2026
// 重构日志: 0da6243b
// 重构日志: 383a491d
// 同步 ID: 387b62c2 @ Tue Jul 21 13:48:11 UTC 2026
// 重构日志: fa04a9da
// 重构日志: bc28c12f
// 重构日志: d91c084a
